0 info it worked if it ends with ok
1 verbose cli [ '/usr/local/bin/node',
1 verbose cli   '/usr/local/bin/npm',
1 verbose cli   'install',
1 verbose cli   '-S',
1 verbose cli   'react-addons-shallow-compare' ]
2 info using npm@2.11.3
3 info using node@v0.12.7
4 verbose node symlink /usr/local/bin/node
5 verbose install initial load of /Users/schovi/work/react-iscroll/package.json
6 verbose installManyTop reading scoped package data from /Users/schovi/work/react-iscroll/node_modules/babel/package.json
7 verbose installManyTop reading scoped package data from /Users/schovi/work/react-iscroll/node_modules/babel-core/package.json
8 verbose installManyTop reading scoped package data from /Users/schovi/work/react-iscroll/node_modules/babel-loader/package.json
9 verbose installManyTop reading scoped package data from /Users/schovi/work/react-iscroll/node_modules/css-loader/package.json
10 verbose installManyTop reading scoped package data from /Users/schovi/work/react-iscroll/node_modules/deep-equal/package.json
11 verbose installManyTop reading scoped package data from /Users/schovi/work/react-iscroll/node_modules/extract-text-webpack-plugin/package.json
12 verbose installManyTop reading scoped package data from /Users/schovi/work/react-iscroll/node_modules/gulp/package.json
13 verbose installManyTop reading scoped package data from /Users/schovi/work/react-iscroll/node_modules/gulp-babel/package.json
14 verbose installManyTop reading scoped package data from /Users/schovi/work/react-iscroll/node_modules/iscroll/package.json
15 verbose installManyTop reading scoped package data from /Users/schovi/work/react-iscroll/node_modules/jsx-loader/package.json
16 verbose installManyTop reading scoped package data from /Users/schovi/work/react-iscroll/node_modules/react/package.json
17 verbose installManyTop reading scoped package data from /Users/schovi/work/react-iscroll/node_modules/react-hot-loader/package.json
18 verbose installManyTop reading scoped package data from /Users/schovi/work/react-iscroll/node_modules/style-loader/package.json
19 verbose installManyTop reading scoped package data from /Users/schovi/work/react-iscroll/node_modules/webpack/package.json
20 verbose installManyTop reading scoped package data from /Users/schovi/work/react-iscroll/node_modules/webpack-dev-server/package.json
21 info package.json extract-text-webpack-plugin@0.3.8 No license field.
22 info package.json jsx-loader@0.12.2 license should be a valid SPDX license expression
23 verbose readDependencies loading dependencies from /Users/schovi/work/react-iscroll/package.json
24 silly cache add args [ 'react-addons-shallow-compare', null ]
25 verbose cache add spec react-addons-shallow-compare
26 silly cache add parsed spec { raw: 'react-addons-shallow-compare',
26 silly cache add   scope: null,
26 silly cache add   name: 'react-addons-shallow-compare',
26 silly cache add   rawSpec: '',
26 silly cache add   spec: '*',
26 silly cache add   type: 'range' }
27 silly addNamed react-addons-shallow-compare@*
28 verbose addNamed "*" is a valid semver range for react-addons-shallow-compare
29 silly addNameRange { name: 'react-addons-shallow-compare',
29 silly addNameRange   range: '*',
29 silly addNameRange   hasData: false }
30 silly mapToRegistry name react-addons-shallow-compare
31 silly mapToRegistry using default registry
32 silly mapToRegistry registry https://registry.npmjs.org/
33 silly mapToRegistry uri https://registry.npmjs.org/react-addons-shallow-compare
34 verbose addNameRange registry:https://registry.npmjs.org/react-addons-shallow-compare not in flight; fetching
35 verbose request uri https://registry.npmjs.org/react-addons-shallow-compare
36 verbose request no auth needed
37 info attempt registry request try #1 at 10:55:25 AM
38 verbose request id 29ee7e717ab7a308
39 http request GET https://registry.npmjs.org/react-addons-shallow-compare
40 http 200 https://registry.npmjs.org/react-addons-shallow-compare
41 silly get cb [ 200,
41 silly get   { server: 'CouchDB/1.5.0 (Erlang OTP/R16B03)',
41 silly get     etag: '"BZGCYGFQ1XM018Y3JOJ2JA7I9"',
41 silly get     'content-type': 'application/json',
41 silly get     'cache-control': 'max-age=60',
41 silly get     'content-length': '5679',
41 silly get     'accept-ranges': 'bytes',
41 silly get     date: 'Wed, 14 Oct 2015 08:55:25 GMT',
41 silly get     via: '1.1 varnish',
41 silly get     age: '0',
41 silly get     connection: 'keep-alive',
41 silly get     'x-served-by': 'cache-lcy1129-LCY',
41 silly get     'x-cache': 'MISS',
41 silly get     'x-cache-hits': '0',
41 silly get     'x-timer': 'S1444812925.832717,VS0,VE88',
41 silly get     vary: 'Accept' } ]
42 verbose get saving react-addons-shallow-compare to /Users/schovi/.npm/registry.npmjs.org/react-addons-shallow-compare/.cache.json
43 silly addNameRange number 2 { name: 'react-addons-shallow-compare',
43 silly addNameRange   range: '*',
43 silly addNameRange   hasData: true }
44 silly addNameRange versions [ 'react-addons-shallow-compare',
44 silly addNameRange   [ '0.14.0-beta1',
44 silly addNameRange     '0.14.0-beta2',
44 silly addNameRange     '0.14.0-beta3',
44 silly addNameRange     '0.14.0-rc1',
44 silly addNameRange     '0.14.0' ] ]
45 silly addNamed react-addons-shallow-compare@0.14.0
46 verbose addNamed "0.14.0" is a plain semver version for react-addons-shallow-compare
47 silly mapToRegistry name react-addons-shallow-compare
48 silly mapToRegistry using default registry
49 silly mapToRegistry registry https://registry.npmjs.org/
50 silly mapToRegistry uri https://registry.npmjs.org/react-addons-shallow-compare
51 verbose addRemoteTarball https://registry.npmjs.org/react-addons-shallow-compare/-/react-addons-shallow-compare-0.14.0.tgz not in flight; adding
52 verbose addRemoteTarball [ 'https://registry.npmjs.org/react-addons-shallow-compare/-/react-addons-shallow-compare-0.14.0.tgz',
52 verbose addRemoteTarball   '5206ae0acb8b0bde3e024749e5a3c3b23084ba80' ]
53 info retry fetch attempt 1 at 10:55:25 AM
54 info attempt registry request try #1 at 10:55:25 AM
55 http fetch GET https://registry.npmjs.org/react-addons-shallow-compare/-/react-addons-shallow-compare-0.14.0.tgz
56 http fetch 200 https://registry.npmjs.org/react-addons-shallow-compare/-/react-addons-shallow-compare-0.14.0.tgz
57 silly fetchAndShaCheck shasum 5206ae0acb8b0bde3e024749e5a3c3b23084ba80
58 verbose addTmpTarball /var/folders/7g/xrdy5s7n6pq7ssq7pqzjhmx00000gn/T/npm-13919-d9629c12/registry.npmjs.org/react-addons-shallow-compare/-/react-addons-shallow-compare-0.14.0.tgz not in flight; adding
59 verbose addTmpTarball already have metadata; skipping unpack for react-addons-shallow-compare@0.14.0
60 silly cache afterAdd react-addons-shallow-compare@0.14.0
61 verbose afterAdd /Users/schovi/.npm/react-addons-shallow-compare/0.14.0/package/package.json not in flight; writing
62 verbose afterAdd /Users/schovi/.npm/react-addons-shallow-compare/0.14.0/package/package.json written
63 silly install resolved [ { name: 'react-addons-shallow-compare',
63 silly install resolved     version: '0.14.0',
63 silly install resolved     main: 'index.js',
63 silly install resolved     license: 'BSD-3-Clause',
63 silly install resolved     peerDependencies: { react: '^0.14.0' },
63 silly install resolved     description: 'This package provides the React shallowCompare add-on. See http://facebook.github.io/react/docs/addons.html for more information.',
63 silly install resolved     _id: 'react-addons-shallow-compare@0.14.0',
63 silly install resolved     _shasum: '5206ae0acb8b0bde3e024749e5a3c3b23084ba80',
63 silly install resolved     _resolved: 'https://registry.npmjs.org/react-addons-shallow-compare/-/react-addons-shallow-compare-0.14.0.tgz',
63 silly install resolved     _from: 'react-addons-shallow-compare@*',
63 silly install resolved     scripts: {},
63 silly install resolved     _npmVersion: '2.14.3',
63 silly install resolved     _nodeVersion: '4.1.0',
63 silly install resolved     _npmUser: { name: 'zpao', email: 'paul@oshannessy.com' },
63 silly install resolved     maintainers: [ [Object], [Object] ],
63 silly install resolved     dist:
63 silly install resolved      { shasum: '5206ae0acb8b0bde3e024749e5a3c3b23084ba80',
63 silly install resolved        tarball: 'http://registry.npmjs.org/react-addons-shallow-compare/-/react-addons-shallow-compare-0.14.0.tgz' },
63 silly install resolved     directories: {} } ]
64 info install react-addons-shallow-compare@0.14.0 into /Users/schovi/work/react-iscroll
65 info installOne react-addons-shallow-compare@0.14.0
66 verbose installOne of react-addons-shallow-compare to /Users/schovi/work/react-iscroll not in flight; installing
67 verbose lock using /Users/schovi/.npm/_locks/react-addons-shallow-com-3f92cb08a4c57f11.lock for /Users/schovi/work/react-iscroll/node_modules/react-addons-shallow-compare
68 silly install write writing react-addons-shallow-compare 0.14.0 to /Users/schovi/work/react-iscroll/node_modules/react-addons-shallow-compare
69 verbose unbuild node_modules/react-addons-shallow-compare
70 silly gentlyRm /Users/schovi/work/react-iscroll/node_modules/react-addons-shallow-compare is being purged from base /Users/schovi/work/react-iscroll
71 verbose gentlyRm don't care about contents; nuking /Users/schovi/work/react-iscroll/node_modules/react-addons-shallow-compare
72 verbose tar unpack /Users/schovi/.npm/react-addons-shallow-compare/0.14.0/package.tgz
73 verbose tar unpacking to /Users/schovi/work/react-iscroll/node_modules/react-addons-shallow-compare
74 silly gentlyRm /Users/schovi/work/react-iscroll/node_modules/react-addons-shallow-compare is being purged
75 verbose gentlyRm don't care about contents; nuking /Users/schovi/work/react-iscroll/node_modules/react-addons-shallow-compare
76 silly gunzTarPerm modes [ '755', '644' ]
77 silly gunzTarPerm extractEntry package.json
78 silly gunzTarPerm extractEntry README.md
79 silly gunzTarPerm extractEntry LICENSE
80 silly gunzTarPerm extractEntry index.js
81 silly gunzTarPerm extractEntry PATENTS
82 verbose write writing to /Users/schovi/work/react-iscroll/node_modules/react-addons-shallow-compare/package.json
83 info preinstall react-addons-shallow-compare@0.14.0
84 verbose readDependencies loading dependencies from /Users/schovi/work/react-iscroll/node_modules/react-addons-shallow-compare/package.json
85 silly prepareForInstallMany adding react@^0.14.0 from react-addons-shallow-compare peerDependencies
86 warn peerDependencies The peer dependency react@^0.14.0 included from react-addons-shallow-compare will no
87 warn peerDependencies longer be automatically installed to fulfill the peerDependency
88 warn peerDependencies in npm 3+. Your application will need to depend on it explicitly.
89 verbose readDependencies loading dependencies from /Users/schovi/work/react-iscroll/node_modules/react-addons-shallow-compare/package.json
90 silly install resolved []
91 verbose about to build /Users/schovi/work/react-iscroll/node_modules/react-addons-shallow-compare
92 info build /Users/schovi/work/react-iscroll/node_modules/react-addons-shallow-compare
93 info linkStuff react-addons-shallow-compare@0.14.0
94 silly linkStuff react-addons-shallow-compare@0.14.0 has /Users/schovi/work/react-iscroll/node_modules as its parent node_modules
95 verbose linkBins react-addons-shallow-compare@0.14.0
96 verbose linkMans react-addons-shallow-compare@0.14.0
97 verbose rebuildBundles react-addons-shallow-compare@0.14.0
98 info install react-addons-shallow-compare@0.14.0
99 info postinstall react-addons-shallow-compare@0.14.0
100 verbose readDependencies loading dependencies from /Users/schovi/work/react-iscroll/package.json
101 verbose targetResolver reading package data from /Users/schovi/work/react-iscroll/node_modules/babel/package.json
102 verbose targetResolver reading package data from /Users/schovi/work/react-iscroll/node_modules/babel-core/package.json
103 verbose targetResolver reading package data from /Users/schovi/work/react-iscroll/node_modules/babel-loader/package.json
104 verbose targetResolver reading package data from /Users/schovi/work/react-iscroll/node_modules/css-loader/package.json
105 verbose targetResolver reading package data from /Users/schovi/work/react-iscroll/node_modules/deep-equal/package.json
106 verbose targetResolver reading package data from /Users/schovi/work/react-iscroll/node_modules/extract-text-webpack-plugin/package.json
107 verbose targetResolver reading package data from /Users/schovi/work/react-iscroll/node_modules/gulp/package.json
108 verbose targetResolver reading package data from /Users/schovi/work/react-iscroll/node_modules/gulp-babel/package.json
109 verbose targetResolver reading package data from /Users/schovi/work/react-iscroll/node_modules/iscroll/package.json
110 verbose targetResolver reading package data from /Users/schovi/work/react-iscroll/node_modules/jsx-loader/package.json
111 verbose targetResolver reading package data from /Users/schovi/work/react-iscroll/node_modules/react/package.json
112 verbose targetResolver reading package data from /Users/schovi/work/react-iscroll/node_modules/react-addons-shallow-compare/package.json
113 verbose targetResolver reading package data from /Users/schovi/work/react-iscroll/node_modules/react-hot-loader/package.json
114 verbose targetResolver reading package data from /Users/schovi/work/react-iscroll/node_modules/style-loader/package.json
115 verbose targetResolver reading package data from /Users/schovi/work/react-iscroll/node_modules/webpack/package.json
116 verbose targetResolver reading package data from /Users/schovi/work/react-iscroll/node_modules/webpack-dev-server/package.json
117 verbose targetResolver reading package data from /Users/schovi/work/react-iscroll/node_modules/.bin/babel/package.json
118 verbose targetResolver reading package data from /Users/schovi/work/react-iscroll/node_modules/.bin/babel-external-helpers/package.json
119 verbose targetResolver reading package data from /Users/schovi/work/react-iscroll/node_modules/.bin/babel-node/package.json
120 verbose targetResolver reading package data from /Users/schovi/work/react-iscroll/node_modules/.bin/babel-plugin/package.json
121 verbose targetResolver reading package data from /Users/schovi/work/react-iscroll/node_modules/.bin/gulp/package.json
122 verbose targetResolver reading package data from /Users/schovi/work/react-iscroll/node_modules/.bin/webpack/package.json
123 verbose targetResolver reading package data from /Users/schovi/work/react-iscroll/node_modules/.bin/webpack-dev-server/package.json
124 verbose already installed skipping react@^0.14.0 /Users/schovi/work/react-iscroll
125 silly install resolved []
126 verbose unlock done using /Users/schovi/.npm/_locks/react-addons-shallow-com-3f92cb08a4c57f11.lock for /Users/schovi/work/react-iscroll/node_modules/react-addons-shallow-compare
127 verbose validateInstall loading /Users/schovi/work/react-iscroll/package.json for validation
128 verbose stack Error: The package react does not satisfy its siblings' peerDependencies requirements!
128 verbose stack     at /usr/local/lib/node_modules/npm/lib/install.js:125:32
128 verbose stack     at /usr/local/lib/node_modules/npm/lib/install.js:267:7
128 verbose stack     at /usr/local/lib/node_modules/npm/node_modules/read-installed/read-installed.js:138:5
128 verbose stack     at /usr/local/lib/node_modules/npm/node_modules/read-installed/read-installed.js:251:14
128 verbose stack     at cb (/usr/local/lib/node_modules/npm/node_modules/slide/lib/async-map.js:47:24)
128 verbose stack     at /usr/local/lib/node_modules/npm/node_modules/read-installed/read-installed.js:251:14
128 verbose stack     at cb (/usr/local/lib/node_modules/npm/node_modules/slide/lib/async-map.js:47:24)
128 verbose stack     at /usr/local/lib/node_modules/npm/node_modules/read-installed/read-installed.js:251:14
128 verbose stack     at cb (/usr/local/lib/node_modules/npm/node_modules/slide/lib/async-map.js:47:24)
128 verbose stack     at /usr/local/lib/node_modules/npm/node_modules/read-installed/read-installed.js:251:14
129 verbose cwd /Users/schovi/work/react-iscroll
130 error Darwin 15.0.0
131 error argv "/usr/local/bin/node" "/usr/local/bin/npm" "install" "-S" "react-addons-shallow-compare"
132 error node v0.12.7
133 error npm  v2.11.3
134 error code EPEERINVALID
135 error peerinvalid The package react does not satisfy its siblings' peerDependencies requirements!
135 error peerinvalid Peer react-addons-shallow-compare@0.14.0 wants react@^0.14.0
136 verbose exit [ 1, true ]
